TN:
SF:script/DeployCarpool.s.sol
DA:8,0
FN:8,DeployCarpool.run
FNDA:0,DeployCarpool.run
DA:10,0
DA:14,0
DA:16,0
DA:19,0
DA:20,0
DA:21,0
DA:22,0
DA:23,0
DA:24,0
DA:26,0
DA:35,0
DA:37,0
FNF:1
FNH:0
LF:13
LH:0
BRF:0
BRH:0
end_of_record
TN:
SF:script/SeedData.s.sol
DA:9,0
FN:9,SeedData.run
FNDA:0,SeedData.run
DA:11,0
DA:12,0
DA:15,0
DA:16,0
DA:17,0
DA:18,0
DA:19,0
DA:21,0
DA:22,0
DA:23,0
DA:24,0
DA:26,0
DA:31,0
DA:33,0
DA:34,0
BRDA:34,0,0,-
DA:35,0
DA:36,0
DA:37,0
DA:39,0
DA:44,0
DA:45,0
DA:46,0
BRDA:46,1,0,-
DA:47,0
DA:48,0
DA:50,0
DA:52,0
DA:53,0
DA:54,0
BRDA:54,2,0,-
DA:55,0
DA:56,0
DA:58,0
DA:63,0
DA:64,0
DA:65,0
BRDA:65,3,0,-
DA:66,0
DA:67,0
DA:69,0
DA:71,0
DA:72,0
DA:73,0
BRDA:73,4,0,-
DA:74,0
DA:75,0
DA:77,0
DA:82,0
DA:85,0
DA:86,0
DA:87,0
DA:88,0
DA:91,0
DA:92,0
DA:93,0
DA:94,0
DA:97,0
DA:98,0
DA:99,0
DA:101,0
DA:102,0
DA:103,0
DA:106,0
DA:107,0
DA:108,0
DA:109,0
DA:111,0
DA:112,0
DA:113,0
DA:114,0
FNF:1
FNH:0
LF:67
LH:0
BRF:5
BRH:0
end_of_record
TN:
SF:src/Carpool.sol
DA:106,30
FN:106,Carpool.onlyActiveDriver
FNDA:30,Carpool.onlyActiveDriver
DA:107,30
BRDA:107,0,0,-
BRDA:107,0,1,-
DA:111,4
FN:111,Carpool.rideExists
FNDA:4,Carpool.rideExists
DA:112,4
BRDA:112,1,0,-
BRDA:112,1,1,-
DA:117,49
FN:117,Carpool.constructor
FNDA:49,Carpool.constructor
DA:125,49
BRDA:125,2,0,-
BRDA:125,2,1,-
DA:126,49
BRDA:126,3,0,-
BRDA:126,3,1,-
DA:127,49
DA:128,49
DA:129,49
DA:130,49
DA:131,49
DA:134,2
FN:134,Carpool.setBackend
FNDA:2,Carpool.setBackend
DA:135,2
BRDA:135,4,0,-
BRDA:135,4,1,-
DA:136,1
DA:137,1
DA:138,1
DA:144,52
FN:144,Carpool.registerDriver
FNDA:52,Carpool.registerDriver
DA:145,52
BRDA:145,5,0,-
BRDA:145,5,1,-
DA:146,51
BRDA:146,6,0,-
BRDA:146,6,1,-
DA:147,52
DA:149,52
DA:150,52
DA:155,50
FN:155,Carpool.depositDriverCollateral
FNDA:50,Carpool.depositDriverCollateral
DA:156,50
DA:157,50
BRDA:157,7,0,-
BRDA:157,7,1,-
DA:159,49
DA:161,49
BRDA:161,8,0,49
DA:162,49
DA:165,49
DA:168,1
FN:168,Carpool.reactivateDriver
FNDA:1,Carpool.reactivateDriver
DA:169,1
DA:170,1
BRDA:170,9,0,-
BRDA:170,9,1,-
DA:172,0
DA:173,1
BRDA:173,10,0,-
BRDA:173,10,1,-
DA:175,1
DA:176,0
DA:181,4
FN:181,Carpool.withdrawCollateral
FNDA:4,Carpool.withdrawCollateral
DA:182,4
DA:183,4
BRDA:183,11,0,-
BRDA:183,11,1,-
DA:184,3
BRDA:184,12,0,-
BRDA:184,12,1,-
DA:186,4
DA:187,2
DA:189,2
DA:193,2
FN:193,Carpool.withdraw
FNDA:2,Carpool.withdraw
DA:194,2
DA:195,2
BRDA:195,13,0,-
BRDA:195,13,1,-
DA:197,1
DA:198,1
DA:199,1
BRDA:199,14,0,-
BRDA:199,14,1,-
DA:201,1
DA:206,99
FN:206,Carpool.registerUser
FNDA:99,Carpool.registerUser
DA:207,99
BRDA:207,15,0,-
BRDA:207,15,1,-
DA:208,98
DA:214,39
FN:214,Carpool.acceptRide
FNDA:39,Carpool.acceptRide
DA:219,39
BRDA:219,16,0,-
BRDA:219,16,1,-
DA:220,38
BRDA:220,17,0,-
BRDA:220,17,1,-
DA:222,37
DA:224,37
DA:225,39
BRDA:225,18,0,-
BRDA:225,18,1,-
DA:228,36
DA:230,36
DA:231,36
BRDA:231,19,0,-
BRDA:231,19,1,-
DA:233,35
DA:235,35
DA:237,35
DA:239,35
DA:240,35
DA:241,35
DA:242,35
DA:243,35
DA:244,35
DA:246,35
DA:249,28
FN:249,Carpool.startRide
FNDA:28,Carpool.startRide
DA:250,28
DA:251,28
BRDA:251,20,0,-
BRDA:251,20,1,-
DA:252,28
BRDA:252,21,0,-
BRDA:252,21,1,-
DA:254,28
DA:255,28
DA:256,28
DA:257,27
DA:258,28
DA:260,28
DA:266,11
FN:266,Carpool.joinSharedRide
FNDA:11,Carpool.joinSharedRide
DA:274,11
BRDA:274,22,0,-
BRDA:274,22,1,-
DA:276,10
DA:277,10
BRDA:277,23,0,-
BRDA:277,23,1,-
DA:278,9
BRDA:278,24,0,-
BRDA:278,24,1,-
DA:279,8
BRDA:279,25,0,8
BRDA:279,25,1,7
DA:280,7
BRDA:280,26,0,-
BRDA:280,26,1,-
DA:283,6
BRDA:283,27,0,-
BRDA:283,27,1,-
DA:285,5
BRDA:285,28,0,-
BRDA:285,28,1,-
DA:287,5
BRDA:287,29,0,-
BRDA:287,29,1,-
DA:289,4
DA:293,4
DA:294,4
BRDA:294,30,0,-
BRDA:294,30,1,-
DA:296,4
DA:297,4
BRDA:297,31,0,-
BRDA:297,31,1,-
DA:300,4
DA:302,4
DA:304,4
DA:311,11
FN:311,Carpool.completeRide
FNDA:11,Carpool.completeRide
DA:317,11
DA:318,11
DA:319,11
DA:320,11
BRDA:320,32,0,-
BRDA:320,32,1,-
DA:321,11
BRDA:321,33,0,-
BRDA:321,33,1,-
DA:323,9
DA:324,9
DA:325,9
DA:326,9
DA:327,9
DA:329,9
DA:332,9
BRDA:332,34,0,2
DA:334,2
DA:335,2
DA:339,9
DA:340,9
BRDA:340,35,0,1
DA:341,1
DA:345,9
BRDA:345,36,0,-
BRDA:345,36,1,-
DA:348,9
DA:349,9
DA:350,9
DA:352,9
DA:353,9
DA:356,9
DA:359,9
BRDA:359,37,0,1
DA:360,1
DA:362,9
DA:366,4
FN:366,Carpool.cancelRide
FNDA:4,Carpool.cancelRide
DA:367,4
DA:368,4
DA:369,4
DA:370,4
BRDA:370,38,0,4
BRDA:370,38,1,1
DA:371,3
BRDA:371,39,0,-
BRDA:371,39,1,-
DA:374,4
DA:375,4
DA:377,2
DA:380,4
DA:382,4
DA:383,2
BRDA:383,40,0,1
DA:384,1
DA:387,4
DA:390,5
FN:390,Carpool.disputeRide
FNDA:5,Carpool.disputeRide
DA:391,5
DA:392,5
BRDA:392,41,0,5
BRDA:392,41,1,1
DA:393,4
BRDA:393,42,0,-
BRDA:393,42,1,-
DA:395,5
DA:396,5
DA:401,4
FN:401,Carpool.resolveDispute
FNDA:4,Carpool.resolveDispute
DA:402,4
DA:403,4
BRDA:403,43,0,-
BRDA:403,43,1,-
DA:405,3
DA:406,3
BRDA:406,44,0,-
BRDA:406,44,1,-
DA:409,2
DA:410,2
DA:411,2
DA:412,2
DA:413,2
DA:414,2
DA:417,2
DA:418,4
DA:420,4
DA:421,2
BRDA:421,45,0,1
DA:422,1
DA:425,4
DA:430,7
FN:430,Carpool.rateDriver
FNDA:7,Carpool.rateDriver
DA:431,7
BRDA:431,46,0,7
BRDA:431,46,1,6
DA:433,7
DA:434,5
BRDA:434,47,0,-
BRDA:434,47,1,-
DA:435,5
BRDA:435,48,0,-
BRDA:435,48,1,-
DA:436,3
BRDA:436,49,0,-
BRDA:436,49,1,-
DA:438,3
DA:439,7
DA:440,2
DA:441,2
DA:443,2
DA:446,7
DA:449,8
FN:449,Carpool.getRide
FNDA:8,Carpool.getRide
DA:450,8
FNF:19
FNH:19
LF:180
LH:178
BRF:94
BRH:14
end_of_record
